  AllLogoCache.cpp
c:\program files (x86)\windows kits\10\include\10.0.17763.0\shared\ntddser.h(633): warning C4005: “SERIAL_LSRMST_ESCAPE”: 宏重定义
  c:\program files (x86)\windows kits\10\include\10.0.17763.0\um\winioctl.h(9663): note: 参见“SERIAL_LSRMST_ESCAPE”的前一个定义
c:\program files (x86)\windows kits\10\include\10.0.17763.0\shared\ntddser.h(640): warning C4005: “SERIAL_LSRMST_LSR_DATA”: 宏重定义
  c:\program files (x86)\windows kits\10\include\10.0.17763.0\um\winioctl.h(9670): note: 参见“SERIAL_LSRMST_LSR_DATA”的前一个定义
c:\program files (x86)\windows kits\10\include\10.0.17763.0\shared\ntddser.h(646): warning C4005: “SERIAL_LSRMST_LSR_NODATA”: 宏重定义
  c:\program files (x86)\windows kits\10\include\10.0.17763.0\um\winioctl.h(9676): note: 参见“SERIAL_LSRMST_LSR_NODATA”的前一个定义
c:\program files (x86)\windows kits\10\include\10.0.17763.0\shared\ntddser.h(652): warning C4005: “SERIAL_LSRMST_MST”: 宏重定义
  c:\program files (x86)\windows kits\10\include\10.0.17763.0\um\winioctl.h(9682): note: 参见“SERIAL_LSRMST_MST”的前一个定义
c:\program files (x86)\windows kits\10\include\10.0.17763.0\shared\ntddser.h(658): warning C4005: “SERIAL_IOC_FCR_FIFO_ENABLE”: 宏重定义
  c:\program files (x86)\windows kits\10\include\10.0.17763.0\um\winioctl.h(9688): note: 参见“SERIAL_IOC_FCR_FIFO_ENABLE”的前一个定义
c:\program files (x86)\windows kits\10\include\10.0.17763.0\shared\ntddser.h(659): warning C4005: “SERIAL_IOC_FCR_RCVR_RESET”: 宏重定义
  c:\program files (x86)\windows kits\10\include\10.0.17763.0\um\winioctl.h(9689): note: 参见“SERIAL_IOC_FCR_RCVR_RESET”的前一个定义
c:\program files (x86)\windows kits\10\include\10.0.17763.0\shared\ntddser.h(660): warning C4005: “SERIAL_IOC_FCR_XMIT_RESET”: 宏重定义
  c:\program files (x86)\windows kits\10\include\10.0.17763.0\um\winioctl.h(9690): note: 参见“SERIAL_IOC_FCR_XMIT_RESET”的前一个定义
c:\program files (x86)\windows kits\10\include\10.0.17763.0\shared\ntddser.h(661): warning C4005: “SERIAL_IOC_FCR_DMA_MODE”: 宏重定义
  c:\program files (x86)\windows kits\10\include\10.0.17763.0\um\winioctl.h(9691): note: 参见“SERIAL_IOC_FCR_DMA_MODE”的前一个定义
c:\program files (x86)\windows kits\10\include\10.0.17763.0\shared\ntddser.h(662): warning C4005: “SERIAL_IOC_FCR_RES1”: 宏重定义
  c:\program files (x86)\windows kits\10\include\10.0.17763.0\um\winioctl.h(9692): note: 参见“SERIAL_IOC_FCR_RES1”的前一个定义
c:\program files (x86)\windows kits\10\include\10.0.17763.0\shared\ntddser.h(663): warning C4005: “SERIAL_IOC_FCR_RES2”: 宏重定义
  c:\program files (x86)\windows kits\10\include\10.0.17763.0\um\winioctl.h(9693): note: 参见“SERIAL_IOC_FCR_RES2”的前一个定义
c:\program files (x86)\windows kits\10\include\10.0.17763.0\shared\ntddser.h(664): warning C4005: “SERIAL_IOC_FCR_RCVR_TRIGGER_LSB”: 宏重定义
  c:\program files (x86)\windows kits\10\include\10.0.17763.0\um\winioctl.h(9694): note: 参见“SERIAL_IOC_FCR_RCVR_TRIGGER_LSB”的前一个定义
c:\program files (x86)\windows kits\10\include\10.0.17763.0\shared\ntddser.h(665): warning C4005: “SERIAL_IOC_FCR_RCVR_TRIGGER_MSB”: 宏重定义
  c:\program files (x86)\windows kits\10\include\10.0.17763.0\um\winioctl.h(9695): note: 参见“SERIAL_IOC_FCR_RCVR_TRIGGER_MSB”的前一个定义
c:\program files (x86)\windows kits\10\include\10.0.17763.0\shared\ntddser.h(671): warning C4005: “SERIAL_IOC_MCR_DTR”: 宏重定义
  c:\program files (x86)\windows kits\10\include\10.0.17763.0\um\winioctl.h(9701): note: 参见“SERIAL_IOC_MCR_DTR”的前一个定义
c:\program files (x86)\windows kits\10\include\10.0.17763.0\shared\ntddser.h(672): warning C4005: “SERIAL_IOC_MCR_RTS”: 宏重定义
  c:\program files (x86)\windows kits\10\include\10.0.17763.0\um\winioctl.h(9702): note: 参见“SERIAL_IOC_MCR_RTS”的前一个定义
c:\program files (x86)\windows kits\10\include\10.0.17763.0\shared\ntddser.h(673): warning C4005: “SERIAL_IOC_MCR_OUT1”: 宏重定义
  c:\program files (x86)\windows kits\10\include\10.0.17763.0\um\winioctl.h(9703): note: 参见“SERIAL_IOC_MCR_OUT1”的前一个定义
c:\program files (x86)\windows kits\10\include\10.0.17763.0\shared\ntddser.h(674): warning C4005: “SERIAL_IOC_MCR_OUT2”: 宏重定义
  c:\program files (x86)\windows kits\10\include\10.0.17763.0\um\winioctl.h(9704): note: 参见“SERIAL_IOC_MCR_OUT2”的前一个定义
c:\program files (x86)\windows kits\10\include\10.0.17763.0\shared\ntddser.h(675): warning C4005: “SERIAL_IOC_MCR_LOOP”: 宏重定义
  c:\program files (x86)\windows kits\10\include\10.0.17763.0\um\winioctl.h(9705): note: 参见“SERIAL_IOC_MCR_LOOP”的前一个定义
g:\vs2017\alllogocache\alllogocache\alllogocache.cpp(42): warning C4326: “main”的返回类型应为“int”而非“void”
g:\vs2017\alllogocache\alllogocache\alllogocache.cpp(76): warning C4477: “wprintf”: 格式字符串“%I64d”需要类型“__int64”的参数，但可变参数 1 拥有了类型“LARGE_INTEGER”
g:\vs2017\alllogocache\alllogocache\alllogocache.cpp(117): warning C4838: 从“int”转换到“DWORD”需要收缩转换
  正在生成代码
  1 of 7 functions (14.3%) were compiled, the rest were copied from previous compilation.
    0 functions were new in current compilation
    0 functions had inline decision re-evaluated but remain unchanged
  已完成代码的生成
  AllLogoCache.vcxproj -> G:\VS2017\AllLogoCache\Release\AllLogoCache.exe
