  EnumUserDemo.cpp
c:\program files (x86)\windows kits\10\include\10.0.17763.0\um\ntsecapi.h(883): error C2059: 语法错误:“return”
c:\program files (x86)\windows kits\10\include\10.0.17763.0\um\lsalookup.h(41): error C3646: “Length”: 未知重写说明符
c:\program files (x86)\windows kits\10\include\10.0.17763.0\um\lsalookup.h(41): error C4430: 缺少类型说明符 - 假定为 int。注意: C++ 不支持默认 int
c:\program files (x86)\windows kits\10\include\10.0.17763.0\um\lsalookup.h(42): error C3646: “MaximumLength”: 未知重写说明符
c:\program files (x86)\windows kits\10\include\10.0.17763.0\um\lsalookup.h(42): error C4430: 缺少类型说明符 - 假定为 int。注意: C++ 不支持默认 int
c:\program files (x86)\windows kits\10\include\10.0.17763.0\um\lsalookup.h(46): error C3646: “Buffer”: 未知重写说明符
c:\program files (x86)\windows kits\10\include\10.0.17763.0\um\lsalookup.h(46): error C4430: 缺少类型说明符 - 假定为 int。注意: C++ 不支持默认 int
c:\program files (x86)\windows kits\10\include\10.0.17763.0\um\lsalookup.h(50): error C3646: “Length”: 未知重写说明符
c:\program files (x86)\windows kits\10\include\10.0.17763.0\um\lsalookup.h(50): error C4430: 缺少类型说明符 - 假定为 int。注意: C++ 不支持默认 int
c:\program files (x86)\windows kits\10\include\10.0.17763.0\um\lsalookup.h(51): error C3646: “MaximumLength”: 未知重写说明符
c:\program files (x86)\windows kits\10\include\10.0.17763.0\um\lsalookup.h(51): error C4430: 缺少类型说明符 - 假定为 int。注意: C++ 不支持默认 int
c:\program files (x86)\windows kits\10\include\10.0.17763.0\um\lsalookup.h(52): error C3646: “Buffer”: 未知重写说明符
c:\program files (x86)\windows kits\10\include\10.0.17763.0\um\lsalookup.h(52): error C4430: 缺少类型说明符 - 假定为 int。注意: C++ 不支持默认 int
c:\program files (x86)\windows kits\10\include\10.0.17763.0\um\lsalookup.h(56): error C3646: “Length”: 未知重写说明符
c:\program files (x86)\windows kits\10\include\10.0.17763.0\um\lsalookup.h(56): error C4430: 缺少类型说明符 - 假定为 int。注意: C++ 不支持默认 int
c:\program files (x86)\windows kits\10\include\10.0.17763.0\um\lsalookup.h(57): error C3646: “RootDirectory”: 未知重写说明符
c:\program files (x86)\windows kits\10\include\10.0.17763.0\um\lsalookup.h(57): error C4430: 缺少类型说明符 - 假定为 int。注意: C++ 不支持默认 int
c:\program files (x86)\windows kits\10\include\10.0.17763.0\um\lsalookup.h(59): error C3646: “Attributes”: 未知重写说明符
c:\program files (x86)\windows kits\10\include\10.0.17763.0\um\lsalookup.h(59): error C4430: 缺少类型说明符 - 假定为 int。注意: C++ 不支持默认 int
c:\program files (x86)\windows kits\10\include\10.0.17763.0\um\lsalookup.h(60): error C3646: “SecurityDescriptor”: 未知重写说明符
c:\program files (x86)\windows kits\10\include\10.0.17763.0\um\lsalookup.h(60): error C4430: 缺少类型说明符 - 假定为 int。注意: C++ 不支持默认 int
c:\program files (x86)\windows kits\10\include\10.0.17763.0\um\lsalookup.h(61): error C3646: “SecurityQualityOfService”: 未知重写说明符
c:\program files (x86)\windows kits\10\include\10.0.17763.0\um\lsalookup.h(61): error C4430: 缺少类型说明符 - 假定为 int。注意: C++ 不支持默认 int
c:\program files (x86)\windows kits\10\include\10.0.17763.0\um\lsalookup.h(73): error C3646: “Sid”: 未知重写说明符
c:\program files (x86)\windows kits\10\include\10.0.17763.0\um\lsalookup.h(73): error C4430: 缺少类型说明符 - 假定为 int。注意: C++ 不支持默认 int
c:\program files (x86)\windows kits\10\include\10.0.17763.0\um\lsalookup.h(91): error C3646: “Entries”: 未知重写说明符
c:\program files (x86)\windows kits\10\include\10.0.17763.0\um\lsalookup.h(91): error C4430: 缺少类型说明符 - 假定为 int。注意: C++ 不支持默认 int
c:\program files (x86)\windows kits\10\include\10.0.17763.0\um\lsalookup.h(144): error C3646: “Use”: 未知重写说明符
c:\program files (x86)\windows kits\10\include\10.0.17763.0\um\lsalookup.h(144): error C4430: 缺少类型说明符 - 假定为 int。注意: C++ 不支持默认 int
c:\program files (x86)\windows kits\10\include\10.0.17763.0\um\lsalookup.h(146): error C3646: “DomainIndex”: 未知重写说明符
c:\program files (x86)\windows kits\10\include\10.0.17763.0\um\lsalookup.h(146): error C4430: 缺少类型说明符 - 假定为 int。注意: C++ 不支持默认 int
c:\program files (x86)\windows kits\10\include\10.0.17763.0\um\lsalookup.h(175): error C3646: “DomainSid”: 未知重写说明符
c:\program files (x86)\windows kits\10\include\10.0.17763.0\um\lsalookup.h(175): error C4430: 缺少类型说明符 - 假定为 int。注意: C++ 不支持默认 int
c:\program files (x86)\windows kits\10\include\10.0.17763.0\um\lsalookup.h(196): error C3646: “DomainGuid”: 未知重写说明符
c:\program files (x86)\windows kits\10\include\10.0.17763.0\um\lsalookup.h(196): error C4430: 缺少类型说明符 - 假定为 int。注意: C++ 不支持默认 int
c:\program files (x86)\windows kits\10\include\10.0.17763.0\um\lsalookup.h(197): error C3646: “Sid”: 未知重写说明符
c:\program files (x86)\windows kits\10\include\10.0.17763.0\um\lsalookup.h(197): error C4430: 缺少类型说明符 - 假定为 int。注意: C++ 不支持默认 int
c:\program files (x86)\windows kits\10\include\10.0.17763.0\um\lsalookup.h(240): error C4430: 缺少类型说明符 - 假定为 int。注意: C++ 不支持默认 int
c:\program files (x86)\windows kits\10\include\10.0.17763.0\um\lsalookup.h(240): error C2146: 语法错误: 缺少“;”(在标识符“LSA_LOOKUP_HANDLE”的前面)
c:\program files (x86)\windows kits\10\include\10.0.17763.0\um\lsalookup.h(249): error C4430: 缺少类型说明符 - 假定为 int。注意: C++ 不支持默认 int
c:\program files (x86)\windows kits\10\include\10.0.17763.0\um\lsalookup.h(249): error C2146: 语法错误: 缺少“;”(在标识符“LsaLookupOpenLocalPolicy”的前面)
c:\program files (x86)\windows kits\10\include\10.0.17763.0\um\lsalookup.h(256): error C4430: 缺少类型说明符 - 假定为 int。注意: C++ 不支持默认 int
c:\program files (x86)\windows kits\10\include\10.0.17763.0\um\lsalookup.h(256): error C2086: “int NTSTATUS”: 重定义
  c:\program files (x86)\windows kits\10\include\10.0.17763.0\um\lsalookup.h(248): note: 参见“NTSTATUS”的声明
c:\program files (x86)\windows kits\10\include\10.0.17763.0\um\lsalookup.h(256): error C2146: 语法错误: 缺少“;”(在标识符“LsaLookupClose”的前面)
c:\program files (x86)\windows kits\10\include\10.0.17763.0\um\lsalookup.h(261): error C4430: 缺少类型说明符 - 假定为 int。注意: C++ 不支持默认 int
c:\program files (x86)\windows kits\10\include\10.0.17763.0\um\lsalookup.h(261): error C2086: “int NTSTATUS”: 重定义
  c:\program files (x86)\windows kits\10\include\10.0.17763.0\um\lsalookup.h(248): note: 参见“NTSTATUS”的声明
c:\program files (x86)\windows kits\10\include\10.0.17763.0\um\lsalookup.h(261): error C2146: 语法错误: 缺少“;”(在标识符“LsaLookupTranslateSids”的前面)
c:\program files (x86)\windows kits\10\include\10.0.17763.0\um\lsalookup.h(282): error C4430: 缺少类型说明符 - 假定为 int。注意: C++ 不支持默认 int
c:\program files (x86)\windows kits\10\include\10.0.17763.0\um\lsalookup.h(282): error C2086: “int NTSTATUS”: 重定义
  c:\program files (x86)\windows kits\10\include\10.0.17763.0\um\lsalookup.h(248): note: 参见“NTSTATUS”的声明
c:\program files (x86)\windows kits\10\include\10.0.17763.0\um\lsalookup.h(282): error C2146: 语法错误: 缺少“;”(在标识符“LsaLookupGetDomainInfo”的前面)
c:\program files (x86)\windows kits\10\include\10.0.17763.0\um\lsalookup.h(289): error C4430: 缺少类型说明符 - 假定为 int。注意: C++ 不支持默认 int
c:\program files (x86)\windows kits\10\include\10.0.17763.0\um\lsalookup.h(289): error C2086: “int NTSTATUS”: 重定义
  c:\program files (x86)\windows kits\10\include\10.0.17763.0\um\lsalookup.h(248): note: 参见“NTSTATUS”的声明
c:\program files (x86)\windows kits\10\include\10.0.17763.0\um\lsalookup.h(289): error C2146: 语法错误: 缺少“;”(在标识符“LsaLookupFreeMemory”的前面)
c:\program files (x86)\windows kits\10\include\10.0.17763.0\um\ntsecapi.h(896): error C4430: 缺少类型说明符 - 假定为 int。注意: C++ 不支持默认 int
c:\program files (x86)\windows kits\10\include\10.0.17763.0\um\ntsecapi.h(896): error C2146: 语法错误: 缺少“;”(在标识符“LSA_OPERATIONAL_MODE”的前面)
c:\program files (x86)\windows kits\10\include\10.0.17763.0\um\ntsecapi.h(1480): error C3646: “Flags”: 未知重写说明符
c:\program files (x86)\windows kits\10\include\10.0.17763.0\um\ntsecapi.h(1480): error C4430: 缺少类型说明符 - 假定为 int。注意: C++ 不支持默认 int
c:\program files (x86)\windows kits\10\include\10.0.17763.0\um\ntsecapi.h(1482): error C3646: “Level”: 未知重写说明符
c:\program files (x86)\windows kits\10\include\10.0.17763.0\um\ntsecapi.h(1482): error C4430: 缺少类型说明符 - 假定为 int。注意: C++ 不支持默认 int
c:\program files (x86)\windows kits\10\include\10.0.17763.0\um\ntsecapi.h(1483): error C3646: “AccessMask”: 未知重写说明符
c:\program files (x86)\windows kits\10\include\10.0.17763.0\um\ntsecapi.h(1483): error C4430: 缺少类型说明符 - 假定为 int。注意: C++ 不支持默认 int
c:\program files (x86)\windows kits\10\include\10.0.17763.0\um\ntsecapi.h(1490): error C3646: “Data”: 未知重写说明符
c:\program files (x86)\windows kits\10\include\10.0.17763.0\um\ntsecapi.h(1490): error C2143: 语法错误: 缺少“,”(在“[”的前面)
c:\program files (x86)\windows kits\10\include\10.0.17763.0\um\ntsecapi.h(1490): error C2143: 语法错误: 缺少“)”(在“;”的前面)
c:\program files (x86)\windows kits\10\include\10.0.17763.0\um\ntsecapi.h(1490): error C2238: 意外的标记位于“;”之前
c:\program files (x86)\windows kits\10\include\10.0.17763.0\um\ntsecapi.h(1497): error C3646: “AccessMask”: 未知重写说明符
c:\program files (x86)\windows kits\10\include\10.0.17763.0\um\ntsecapi.h(1497): error C4430: 缺少类型说明符 - 假定为 int。注意: C++ 不支持默认 int
c:\program files (x86)\windows kits\10\include\10.0.17763.0\um\ntsecapi.h(1501): error C3646: “SecurityDescriptor”: 未知重写说明符
c:\program files (x86)\windows kits\10\include\10.0.17763.0\um\ntsecapi.h(1501): error C4430: 缺少类型说明符 - 假定为 int。注意: C++ 不支持默认 int
c:\program files (x86)\windows kits\10\include\10.0.17763.0\um\ntsecapi.h(1507): error C3646: “Claims”: 未知重写说明符
c:\program files (x86)\windows kits\10\include\10.0.17763.0\um\ntsecapi.h(1507): error C4430: 缺少类型说明符 - 假定为 int。注意: C++ 不支持默认 int
c:\program files (x86)\windows kits\10\include\10.0.17763.0\um\ntsecapi.h(1525): error C3646: “FlatSubCategoryId”: 未知重写说明符
c:\program files (x86)\windows kits\10\include\10.0.17763.0\um\ntsecapi.h(1525): error C4430: 缺少类型说明符 - 假定为 int。注意: C++ 不支持默认 int
c:\program files (x86)\windows kits\10\include\10.0.17763.0\um\ntsecapi.h(1526): error C3646: “Type”: 未知重写说明符
c:\program files (x86)\windows kits\10\include\10.0.17763.0\um\ntsecapi.h(1526): error C4430: 缺少类型说明符 - 假定为 int。注意: C++ 不支持默认 int
c:\program files (x86)\windows kits\10\include\10.0.17763.0\um\ntsecapi.h(1539): error C3646: “FlatSubCategoryId”: 未知重写说明符
c:\program files (x86)\windows kits\10\include\10.0.17763.0\um\ntsecapi.h(1539): error C4430: 缺少类型说明符 - 假定为 int。注意: C++ 不支持默认 int
c:\program files (x86)\windows kits\10\include\10.0.17763.0\um\ntsecapi.h(1540): error C3646: “Type”: 未知重写说明符
c:\program files (x86)\windows kits\10\include\10.0.17763.0\um\ntsecapi.h(1540): error C4430: 缺少类型说明符 - 假定为 int。注意: C++ 不支持默认 int
c:\program files (x86)\windows kits\10\include\10.0.17763.0\um\ntsecapi.h(1645): error C4430: 缺少类型说明符 - 假定为 int。注意: C++ 不支持默认 int
c:\program files (x86)\windows kits\10\include\10.0.17763.0\um\ntsecapi.h(1645): error C2146: 语法错误: 缺少“;”(在标识符“_IRQL_requires_max_”的前面)
c:\program files (x86)\windows kits\10\include\10.0.17763.0\um\ntsecapi.h(1660): error C4430: 缺少类型说明符 - 假定为 int。注意: C++ 不支持默认 int
c:\program files (x86)\windows kits\10\include\10.0.17763.0\um\ntsecapi.h(1660): error C2086: “int _IRQL_requires_same_”: 重定义
  c:\program files (x86)\windows kits\10\include\10.0.17763.0\um\ntsecapi.h(1644): note: 参见“_IRQL_requires_same_”的声明
c:\program files (x86)\windows kits\10\include\10.0.17763.0\um\ntsecapi.h(1660): error C2146: 语法错误: 缺少“;”(在标识符“_IRQL_requires_max_”的前面)
c:\program files (x86)\windows kits\10\include\10.0.17763.0\um\ntsecapi.h(1683): error C4430: 缺少类型说明符 - 假定为 int。注意: C++ 不支持默认 int
c:\program files (x86)\windows kits\10\include\10.0.17763.0\um\ntsecapi.h(1683): error C2086: “int _IRQL_requires_same_”: 重定义
  c:\program files (x86)\windows kits\10\include\10.0.17763.0\um\ntsecapi.h(1644): note: 参见“_IRQL_requires_same_”的声明
c:\program files (x86)\windows kits\10\include\10.0.17763.0\um\ntsecapi.h(1683): error C2146: 语法错误: 缺少“;”(在标识符“_IRQL_requires_max_”的前面)
c:\program files (x86)\windows kits\10\include\10.0.17763.0\um\ntsecapi.h(1696): error C4430: 缺少类型说明符 - 假定为 int。注意: C++ 不支持默认 int
c:\program files (x86)\windows kits\10\include\10.0.17763.0\um\ntsecapi.h(1696): error C2086: “int _IRQL_requires_same_”: 重定义
  c:\program files (x86)\windows kits\10\include\10.0.17763.0\um\ntsecapi.h(1644): note: 参见“_IRQL_requires_same_”的声明
c:\program files (x86)\windows kits\10\include\10.0.17763.0\um\ntsecapi.h(1696): error C2146: 语法错误: 缺少“;”(在标识符“NTSTATUS”的前面)
c:\program files (x86)\windows kits\10\include\10.0.17763.0\um\ntsecapi.h(1704): error C4430: 缺少类型说明符 - 假定为 int。注意: C++ 不支持默认 int
c:\program files (x86)\windows kits\10\include\10.0.17763.0\um\ntsecapi.h(1704): error C2086: “int _IRQL_requires_same_”: 重定义
  c:\program files (x86)\windows kits\10\include\10.0.17763.0\um\ntsecapi.h(1644): note: 参见“_IRQL_requires_same_”的声明
c:\program files (x86)\windows kits\10\include\10.0.17763.0\um\ntsecapi.h(1704): error C2146: 语法错误: 缺少“;”(在标识符“_IRQL_requires_max_”的前面)
c:\program files (x86)\windows kits\10\include\10.0.17763.0\um\ntsecapi.h(1718): error C4430: 缺少类型说明符 - 假定为 int。注意: C++ 不支持默认 int
c:\program files (x86)\windows kits\10\include\10.0.17763.0\um\ntsecapi.h(1718): error C2086: “int _IRQL_requires_same_”: 重定义
  c:\program files (x86)\windows kits\10\include\10.0.17763.0\um\ntsecapi.h(1644): note: 参见“_IRQL_requires_same_”的声明
c:\program files (x86)\windows kits\10\include\10.0.17763.0\um\ntsecapi.h(1718): error C2146: 语法错误: 缺少“;”(在标识符“_IRQL_requires_max_”的前面)
c:\program files (x86)\windows kits\10\include\10.0.17763.0\um\ntsecapi.h(1726): error C4430: 缺少类型说明符 - 假定为 int。注意: C++ 不支持默认 int
c:\program files (x86)\windows kits\10\include\10.0.17763.0\um\ntsecapi.h(1726): error C2086: “int _IRQL_requires_same_”: 重定义
  c:\program files (x86)\windows kits\10\include\10.0.17763.0\um\ntsecapi.h(1644): note: 参见“_IRQL_requires_same_”的声明
c:\program files (x86)\windows kits\10\include\10.0.17763.0\um\ntsecapi.h(1726): error C2146: 语法错误: 缺少“;”(在标识符“_IRQL_requires_max_”的前面)
c:\program files (x86)\windows kits\10\include\10.0.17763.0\um\ntsecapi.h(1735): error C4430: 缺少类型说明符 - 假定为 int。注意: C++ 不支持默认 int
c:\program files (x86)\windows kits\10\include\10.0.17763.0\um\ntsecapi.h(1735): error C2146: 语法错误: 缺少“;”(在标识符“NTSTATUS”的前面)
c:\program files (x86)\windows kits\10\include\10.0.17763.0\um\ntsecapi.h(1742): error C4430: 缺少类型说明符 - 假定为 int。注意: C++ 不支持默认 int
c:\program files (x86)\windows kits\10\include\10.0.17763.0\um\ntsecapi.h(1742): error C2086: “int __drv_sameIRQL”: 重定义
  c:\program files (x86)\windows kits\10\include\10.0.17763.0\um\ntsecapi.h(1733): note: 参见“__drv_sameIRQL”的声明
c:\program files (x86)\windows kits\10\include\10.0.17763.0\um\ntsecapi.h(1742): error C2146: 语法错误: 缺少“;”(在标识符“NTSTATUS”的前面)
c:\program files (x86)\windows kits\10\include\10.0.17763.0\um\ntsecapi.h(1817): error C3646: “Use”: 未知重写说明符
c:\program files (x86)\windows kits\10\include\10.0.17763.0\um\ntsecapi.h(1817): error C4430: 缺少类型说明符 - 假定为 int。注意: C++ 不支持默认 int
c:\program files (x86)\windows kits\10\include\10.0.17763.0\um\ntsecapi.h(1819): error C3646: “DomainIndex”: 未知重写说明符
c:\program files (x86)\windows kits\10\include\10.0.17763.0\um\ntsecapi.h(1819): error C4430: 缺少类型说明符 - 假定为 int。注意: C++ 不支持默认 int
c:\program files (x86)\windows kits\10\include\10.0.17763.0\um\ntsecapi.h(1937): error C3646: “AuditRetentionPeriod”: 未知重写说明符
c:\program files (x86)\windows kits\10\include\10.0.17763.0\um\ntsecapi.h(1937): error C4430: 缺少类型说明符 - 假定为 int。注意: C++ 不支持默认 int
c:\program files (x86)\windows kits\10\include\10.0.17763.0\um\ntsecapi.h(1938): error C3646: “AuditLogFullShutdownInProgress”: 未知重写说明符
c:\program files (x86)\windows kits\10\include\10.0.17763.0\um\ntsecapi.h(1938): error C4430: 缺少类型说明符 - 假定为 int。注意: C++ 不支持默认 int
c:\program files (x86)\windows kits\10\include\10.0.17763.0\um\ntsecapi.h(1939): error C3646: “TimeToShutdown”: 未知重写说明符
c:\program files (x86)\windows kits\10\include\10.0.17763.0\um\ntsecapi.h(1939): error C4430: 缺少类型说明符 - 假定为 int。注意: C++ 不支持默认 int
c:\program files (x86)\windows kits\10\include\10.0.17763.0\um\ntsecapi.h(1988): error C3646: “AuditingMode”: 未知重写说明符
c:\program files (x86)\windows kits\10\include\10.0.17763.0\um\ntsecapi.h(1988): error C4430: 缺少类型说明符 - 假定为 int。注意: C++ 不支持默认 int
c:\program files (x86)\windows kits\10\include\10.0.17763.0\um\ntsecapi.h(2069): error C3646: “Sid”: 未知重写说明符
c:\program files (x86)\windows kits\10\include\10.0.17763.0\um\ntsecapi.h(2069): error C4430: 缺少类型说明符 - 假定为 int。注意: C++ 不支持默认 int
c:\program files (x86)\windows kits\10\include\10.0.17763.0\um\ntsecapi.h(2137): error C3646: “QuotaLimits”: 未知重写说明符
c:\program files (x86)\windows kits\10\include\10.0.17763.0\um\ntsecapi.h(2137): error C4430: 缺少类型说明符 - 假定为 int。注意: C++ 不支持默认 int
c:\program files (x86)\windows kits\10\include\10.0.17763.0\um\ntsecapi.h(2149): error C3646: “ModifiedId”: 未知重写说明符
c:\program files (x86)\windows kits\10\include\10.0.17763.0\um\ntsecapi.h(2149): error C4430: 缺少类型说明符 - 假定为 int。注意: C++ 不支持默认 int
c:\program files (x86)\windows kits\10\include\10.0.17763.0\um\ntsecapi.h(2150): error C3646: “DatabaseCreationTime”: 未知重写说明符
c:\program files (x86)\windows kits\10\include\10.0.17763.0\um\ntsecapi.h(2150): error C4430: 缺少类型说明符 - 假定为 int。注意: C++ 不支持默认 int
c:\program files (x86)\windows kits\10\include\10.0.17763.0\um\ntsecapi.h(2172): error C3646: “ShutDownOnFull”: 未知重写说明符
c:\program files (x86)\windows kits\10\include\10.0.17763.0\um\ntsecapi.h(2172): error C4430: 缺少类型说明符 - 假定为 int。注意: C++ 不支持默认 int
c:\program files (x86)\windows kits\10\include\10.0.17763.0\um\ntsecapi.h(2183): error C3646: “ShutDownOnFull”: 未知重写说明符
c:\program files (x86)\windows kits\10\include\10.0.17763.0\um\ntsecapi.h(2183): error C4430: 缺少类型说明符 - 假定为 int。注意: C++ 不支持默认 int
c:\program files (x86)\windows kits\10\include\10.0.17763.0\um\ntsecapi.h(2184): error C3646: “LogIsFull”: 未知重写说明符
c:\program files (x86)\windows kits\10\include\10.0.17763.0\um\ntsecapi.h(2184): error C4430: 缺少类型说明符 - 假定为 int。注意: C++ 不支持默认 int
c:\program files (x86)\windows kits\10\include\10.0.17763.0\um\ntsecapi.h(2243): error C3646: “EfsBlob”: 未知重写说明符
c:\program files (x86)\windows kits\10\include\10.0.17763.0\um\ntsecapi.h(2243): error C4430: 缺少类型说明符 - 假定为 int。注意: C++ 不支持默认 int
c:\program files (x86)\windows kits\10\include\10.0.17763.0\um\ntsecapi.h(2267): error C3646: “MaxServiceTicketAge”: 未知重写说明符
c:\program files (x86)\windows kits\10\include\10.0.17763.0\um\ntsecapi.h(2267): error C4430: 缺少类型说明符 - 假定为 int。注意: C++ 不支持默认 int
c:\program files (x86)\windows kits\10\include\10.0.17763.0\um\ntsecapi.h(2268): error C3646: “MaxTicketAge”: 未知重写说明符
c:\program files (x86)\windows kits\10\include\10.0.17763.0\um\ntsecapi.h(2268): error C4430: 缺少类型说明符 - 假定为 int。注意: C++ 不支持默认 int
c:\program files (x86)\windows kits\10\include\10.0.17763.0\um\ntsecapi.h(2269): error C3646: “MaxRenewAge”: 未知重写说明符
c:\program files (x86)\windows kits\10\include\10.0.17763.0\um\ntsecapi.h(2269): error C4430: 缺少类型说明符 - 假定为 int。注意: C++ 不支持默认 int
c:\program files (x86)\windows kits\10\include\10.0.17763.0\um\ntsecapi.h(2270): error C3646: “MaxClockSkew”: 未知重写说明符
c:\program files (x86)\windows kits\10\include\10.0.17763.0\um\ntsecapi.h(2270): error C4430: 缺少类型说明符 - 假定为 int。注意: C++ 不支持默认 int
c:\program files (x86)\windows kits\10\include\10.0.17763.0\um\ntsecapi.h(2271): error C3646: “Reserved”: 未知重写说明符
c:\program files (x86)\windows kits\10\include\10.0.17763.0\um\ntsecapi.h(2271): error C4430: 缺少类型说明符 - 假定为 int。注意: C++ 不支持默认 int
c:\program files (x86)\windows kits\10\include\10.0.17763.0\um\ntsecapi.h(2301): error C3646: “Sid”: 未知重写说明符
c:\program files (x86)\windows kits\10\include\10.0.17763.0\um\ntsecapi.h(2301): error C4430: 缺少类型说明符 - 假定为 int。注意: C++ 不支持默认 int
c:\program files (x86)\windows kits\10\include\10.0.17763.0\um\ntsecapi.h(2504): error C3646: “Sid”: 未知重写说明符
c:\program files (x86)\windows kits\10\include\10.0.17763.0\um\ntsecapi.h(2504): error C4430: 缺少类型说明符 - 假定为 int。注意: C++ 不支持默认 int
c:\program files (x86)\windows kits\10\include\10.0.17763.0\um\ntsecapi.h(2515): error C3646: “Sid”: 未知重写说明符
c:\program files (x86)\windows kits\10\include\10.0.17763.0\um\ntsecapi.h(2515): error C4430: 缺少类型说明符 - 假定为 int。注意: C++ 不支持默认 int
c:\program files (x86)\windows kits\10\include\10.0.17763.0\um\ntsecapi.h(2523): error C3646: “ForestTrustInfo”: 未知重写说明符
c:\program files (x86)\windows kits\10\include\10.0.17763.0\um\ntsecapi.h(2523): error C4430: 缺少类型说明符 - 假定为 int。注意: C++ 不支持默认 int
c:\program files (x86)\windows kits\10\include\10.0.17763.0\um\ntsecapi.h(2537): error C3646: “LastUpdateTime”: 未知重写说明符
c:\program files (x86)\windows kits\10\include\10.0.17763.0\um\ntsecapi.h(2537): error C4430: 缺少类型说明符 - 假定为 int。注意: C++ 不支持默认 int
c:\program files (x86)\windows kits\10\include\10.0.17763.0\um\ntsecapi.h(2540): error C3646: “AuthInfo”: 未知重写说明符
c:\program files (x86)\windows kits\10\include\10.0.17763.0\um\ntsecapi.h(2540): error C4430: 缺少类型说明符 - 假定为 int。注意: C++ 不支持默认 int
c:\program files (x86)\windows kits\10\include\10.0.17763.0\um\ntsecapi.h(2617): error C3646: “Sid”: 未知重写说明符
c:\program files (x86)\windows kits\10\include\10.0.17763.0\um\ntsecapi.h(2617): error C4430: 缺少类型说明符 - 假定为 int。注意: C++ 不支持默认 int
c:\program files (x86)\windows kits\10\include\10.0.17763.0\um\ntsecapi.h(2641): error C3646: “Buffer”: 未知重写说明符
c:\program files (x86)\windows kits\10\include\10.0.17763.0\um\ntsecapi.h(2641): error C4430: 缺少类型说明符 - 假定为 int。注意: C++ 不支持默认 int
c:\program files (x86)\windows kits\10\include\10.0.17763.0\um\ntsecapi.h(2650): error C3646: “Time”: 未知重写说明符
c:\program files (x86)\windows kits\10\include\10.0.17763.0\um\ntsecapi.h(2650): error C4430: 缺少类型说明符 - 假定为 int。注意: C++ 不支持默认 int
c:\program files (x86)\windows kits\10\include\10.0.17763.0\um\ntsecapi.h(2733): error C3646: “Sid”: 未知重写说明符
c:\program files (x86)\windows kits\10\include\10.0.17763.0\um\ntsecapi.h(2733): error C4430: 缺少类型说明符 - 假定为 int。注意: C++ 不支持默认 int
c:\program files (x86)\windows kits\10\include\10.0.17763.0\um\ntsecapi.h(2747): error C4430: 缺少类型说明符 - 假定为 int。注意: C++ 不支持默认 int
c:\program files (x86)\windows kits\10\include\10.0.17763.0\um\ntsecapi.h(2747): error C2086: “int NTSTATUS”: 重定义
  c:\program files (x86)\windows kits\10\include\10.0.17763.0\um\lsalookup.h(248): note: 参见“NTSTATUS”的声明
c:\program files (x86)\windows kits\10\include\10.0.17763.0\um\ntsecapi.h(2747): error C2146: 语法错误: 缺少“;”(在标识符“NTAPI”的前面)
c:\program files (x86)\windows kits\10\include\10.0.17763.0\um\ntsecapi.h(2753): error C4430: 缺少类型说明符 - 假定为 int。注意: C++ 不支持默认 int
c:\program files (x86)\windows kits\10\include\10.0.17763.0\um\ntsecapi.h(2753): error C2086: “int NTSTATUS”: 重定义
  c:\program files (x86)\windows kits\10\include\10.0.17763.0\um\lsalookup.h(248): note: 参见“NTSTATUS”的声明
c:\program files (x86)\windows kits\10\include\10.0.17763.0\um\ntsecapi.h(2753): error C2146: 语法错误: 缺少“;”(在标识符“NTAPI”的前面)
c:\program files (x86)\windows kits\10\include\10.0.17763.0\um\ntsecapi.h(2828): error C4430: 缺少类型说明符 - 假定为 int。注意: C++ 不支持默认 int
c:\program files (x86)\windows kits\10\include\10.0.17763.0\um\ntsecapi.h(2828): error C2086: “int NTSTATUS”: 重定义
  c:\program files (x86)\windows kits\10\include\10.0.17763.0\um\lsalookup.h(248): note: 参见“NTSTATUS”的声明
c:\program files (x86)\windows kits\10\include\10.0.17763.0\um\ntsecapi.h(2828): error C2146: 语法错误: 缺少“;”(在标识符“NTAPI”的前面)
c:\program files (x86)\windows kits\10\include\10.0.17763.0\um\ntsecapi.h(2904): error C3646: “AppliesTo”: 未知重写说明符
c:\program files (x86)\windows kits\10\include\10.0.17763.0\um\ntsecapi.h(2904): error C4430: 缺少类型说明符 - 假定为 int。注意: C++ 不支持默认 int
c:\program files (x86)\windows kits\10\include\10.0.17763.0\um\ntsecapi.h(2907): error C3646: “SD”: 未知重写说明符
c:\program files (x86)\windows kits\10\include\10.0.17763.0\um\ntsecapi.h(2907): error C4430: 缺少类型说明符 - 假定为 int。注意: C++ 不支持默认 int
c:\program files (x86)\windows kits\10\include\10.0.17763.0\um\ntsecapi.h(2910): error C3646: “StagedSD”: 未知重写说明符
c:\program files (x86)\windows kits\10\include\10.0.17763.0\um\ntsecapi.h(2910): error C4430: 缺少类型说明符 - 假定为 int。注意: C++ 不支持默认 int
c:\program files (x86)\windows kits\10\include\10.0.17763.0\um\ntsecapi.h(2930): error C3646: “CAPID”: 未知重写说明符
c:\program files (x86)\windows kits\10\include\10.0.17763.0\um\ntsecapi.h(2930): error C4430: 缺少类型说明符 - 假定为 int。注意: C++ 不支持默认 int
c:\program files (x86)\windows kits\10\include\10.0.17763.0\um\ntsecapi.h(2945): error C4430: 缺少类型说明符 - 假定为 int。注意: C++ 不支持默认 int
c:\program files (x86)\windows kits\10\include\10.0.17763.0\um\ntsecapi.h(2945): error C2086: “int NTSTATUS”: 重定义
  c:\program files (x86)\windows kits\10\include\10.0.17763.0\um\lsalookup.h(248): note: 参见“NTSTATUS”的声明
c:\program files (x86)\windows kits\10\include\10.0.17763.0\um\ntsecapi.h(2945): error C2146: 语法错误: 缺少“;”(在标识符“NTAPI”的前面)
c:\program files (x86)\windows kits\10\include\10.0.17763.0\um\ntsecapi.h(2945): fatal error C1003: 错误计数超过 100；正在停止编译
  EnumUserSID.cpp
  SID.cpp
c:\program files (x86)\windows kits\10\include\10.0.17763.0\um\lsalookup.h(34): error C4430: 缺少类型说明符 - 假定为 int。注意: C++ 不支持默认 int
c:\program files (x86)\windows kits\10\include\10.0.17763.0\um\lsalookup.h(34): error C2146: 语法错误: 缺少“;”(在标识符“LSA_UNICODE_STRING”的前面)
c:\program files (x86)\windows kits\10\include\10.0.17763.0\um\lsalookup.h(35): error C4430: 缺少类型说明符 - 假定为 int。注意: C++ 不支持默认 int
c:\program files (x86)\windows kits\10\include\10.0.17763.0\um\lsalookup.h(35): error C2146: 语法错误: 缺少“;”(在标识符“LSA_STRING”的前面)
c:\program files (x86)\windows kits\10\include\10.0.17763.0\um\lsalookup.h(36): error C4430: 缺少类型说明符 - 假定为 int。注意: C++ 不支持默认 int
c:\program files (x86)\windows kits\10\include\10.0.17763.0\um\lsalookup.h(36): error C2146: 语法错误: 缺少“;”(在标识符“LSA_OBJECT_ATTRIBUTES”的前面)
c:\program files (x86)\windows kits\10\include\10.0.17763.0\um\lsalookup.h(72): error C3646: “Name”: 未知重写说明符
c:\program files (x86)\windows kits\10\include\10.0.17763.0\um\lsalookup.h(72): error C4430: 缺少类型说明符 - 假定为 int。注意: C++ 不支持默认 int
c:\program files (x86)\windows kits\10\include\10.0.17763.0\um\lsalookup.h(73): error C3646: “Sid”: 未知重写说明符
c:\program files (x86)\windows kits\10\include\10.0.17763.0\um\lsalookup.h(73): error C4430: 缺少类型说明符 - 假定为 int。注意: C++ 不支持默认 int
c:\program files (x86)\windows kits\10\include\10.0.17763.0\um\lsalookup.h(91): error C3646: “Entries”: 未知重写说明符
c:\program files (x86)\windows kits\10\include\10.0.17763.0\um\lsalookup.h(91): error C4430: 缺少类型说明符 - 假定为 int。注意: C++ 不支持默认 int
c:\program files (x86)\windows kits\10\include\10.0.17763.0\um\lsalookup.h(144): error C3646: “Use”: 未知重写说明符
c:\program files (x86)\windows kits\10\include\10.0.17763.0\um\lsalookup.h(144): error C4430: 缺少类型说明符 - 假定为 int。注意: C++ 不支持默认 int
c:\program files (x86)\windows kits\10\include\10.0.17763.0\um\lsalookup.h(145): error C3646: “Name”: 未知重写说明符
c:\program files (x86)\windows kits\10\include\10.0.17763.0\um\lsalookup.h(145): error C4430: 缺少类型说明符 - 假定为 int。注意: C++ 不支持默认 int
c:\program files (x86)\windows kits\10\include\10.0.17763.0\um\lsalookup.h(146): error C3646: “DomainIndex”: 未知重写说明符
c:\program files (x86)\windows kits\10\include\10.0.17763.0\um\lsalookup.h(146): error C4430: 缺少类型说明符 - 假定为 int。注意: C++ 不支持默认 int
c:\program files (x86)\windows kits\10\include\10.0.17763.0\um\lsalookup.h(174): error C3646: “DomainName”: 未知重写说明符
c:\program files (x86)\windows kits\10\include\10.0.17763.0\um\lsalookup.h(174): error C4430: 缺少类型说明符 - 假定为 int。注意: C++ 不支持默认 int
c:\program files (x86)\windows kits\10\include\10.0.17763.0\um\lsalookup.h(175): error C3646: “DomainSid”: 未知重写说明符
c:\program files (x86)\windows kits\10\include\10.0.17763.0\um\lsalookup.h(175): error C4430: 缺少类型说明符 - 假定为 int。注意: C++ 不支持默认 int
c:\program files (x86)\windows kits\10\include\10.0.17763.0\um\lsalookup.h(193): error C3646: “Name”: 未知重写说明符
c:\program files (x86)\windows kits\10\include\10.0.17763.0\um\lsalookup.h(193): error C4430: 缺少类型说明符 - 假定为 int。注意: C++ 不支持默认 int
c:\program files (x86)\windows kits\10\include\10.0.17763.0\um\lsalookup.h(194): error C3646: “DnsDomainName”: 未知重写说明符
c:\program files (x86)\windows kits\10\include\10.0.17763.0\um\lsalookup.h(194): error C4430: 缺少类型说明符 - 假定为 int。注意: C++ 不支持默认 int
c:\program files (x86)\windows kits\10\include\10.0.17763.0\um\lsalookup.h(195): error C3646: “DnsForestName”: 未知重写说明符
c:\program files (x86)\windows kits\10\include\10.0.17763.0\um\lsalookup.h(195): error C4430: 缺少类型说明符 - 假定为 int。注意: C++ 不支持默认 int
c:\program files (x86)\windows kits\10\include\10.0.17763.0\um\lsalookup.h(196): error C3646: “DomainGuid”: 未知重写说明符
c:\program files (x86)\windows kits\10\include\10.0.17763.0\um\lsalookup.h(196): error C4430: 缺少类型说明符 - 假定为 int。注意: C++ 不支持默认 int
c:\program files (x86)\windows kits\10\include\10.0.17763.0\um\lsalookup.h(197): error C3646: “Sid”: 未知重写说明符
c:\program files (x86)\windows kits\10\include\10.0.17763.0\um\lsalookup.h(197): error C4430: 缺少类型说明符 - 假定为 int。注意: C++ 不支持默认 int
c:\program files (x86)\windows kits\10\include\10.0.17763.0\um\lsalookup.h(240): error C4430: 缺少类型说明符 - 假定为 int。注意: C++ 不支持默认 int
c:\program files (x86)\windows kits\10\include\10.0.17763.0\um\lsalookup.h(240): error C2146: 语法错误: 缺少“;”(在标识符“LSA_LOOKUP_HANDLE”的前面)
c:\program files (x86)\windows kits\10\include\10.0.17763.0\um\lsalookup.h(249): error C4430: 缺少类型说明符 - 假定为 int。注意: C++ 不支持默认 int
c:\program files (x86)\windows kits\10\include\10.0.17763.0\um\lsalookup.h(249): error C2146: 语法错误: 缺少“;”(在标识符“LsaLookupOpenLocalPolicy”的前面)
c:\program files (x86)\windows kits\10\include\10.0.17763.0\um\lsalookup.h(256): error C4430: 缺少类型说明符 - 假定为 int。注意: C++ 不支持默认 int
c:\program files (x86)\windows kits\10\include\10.0.17763.0\um\lsalookup.h(256): error C2086: “int NTSTATUS”: 重定义
  c:\program files (x86)\windows kits\10\include\10.0.17763.0\um\lsalookup.h(248): note: 参见“NTSTATUS”的声明
c:\program files (x86)\windows kits\10\include\10.0.17763.0\um\lsalookup.h(256): error C2146: 语法错误: 缺少“;”(在标识符“LsaLookupClose”的前面)
c:\program files (x86)\windows kits\10\include\10.0.17763.0\um\lsalookup.h(261): error C4430: 缺少类型说明符 - 假定为 int。注意: C++ 不支持默认 int
c:\program files (x86)\windows kits\10\include\10.0.17763.0\um\lsalookup.h(261): error C2086: “int NTSTATUS”: 重定义
  c:\program files (x86)\windows kits\10\include\10.0.17763.0\um\lsalookup.h(248): note: 参见“NTSTATUS”的声明
c:\program files (x86)\windows kits\10\include\10.0.17763.0\um\lsalookup.h(261): error C2146: 语法错误: 缺少“;”(在标识符“LsaLookupTranslateSids”的前面)
c:\program files (x86)\windows kits\10\include\10.0.17763.0\um\lsalookup.h(282): error C4430: 缺少类型说明符 - 假定为 int。注意: C++ 不支持默认 int
c:\program files (x86)\windows kits\10\include\10.0.17763.0\um\lsalookup.h(282): error C2086: “int NTSTATUS”: 重定义
  c:\program files (x86)\windows kits\10\include\10.0.17763.0\um\lsalookup.h(248): note: 参见“NTSTATUS”的声明
c:\program files (x86)\windows kits\10\include\10.0.17763.0\um\lsalookup.h(282): error C2146: 语法错误: 缺少“;”(在标识符“LsaLookupGetDomainInfo”的前面)
c:\program files (x86)\windows kits\10\include\10.0.17763.0\um\lsalookup.h(289): error C4430: 缺少类型说明符 - 假定为 int。注意: C++ 不支持默认 int
c:\program files (x86)\windows kits\10\include\10.0.17763.0\um\lsalookup.h(289): error C2086: “int NTSTATUS”: 重定义
  c:\program files (x86)\windows kits\10\include\10.0.17763.0\um\lsalookup.h(248): note: 参见“NTSTATUS”的声明
c:\program files (x86)\windows kits\10\include\10.0.17763.0\um\lsalookup.h(289): error C2146: 语法错误: 缺少“;”(在标识符“LsaLookupFreeMemory”的前面)
c:\program files (x86)\windows kits\10\include\10.0.17763.0\um\ntsecapi.h(896): error C4430: 缺少类型说明符 - 假定为 int。注意: C++ 不支持默认 int
c:\program files (x86)\windows kits\10\include\10.0.17763.0\um\ntsecapi.h(896): error C2146: 语法错误: 缺少“;”(在标识符“LSA_OPERATIONAL_MODE”的前面)
c:\program files (x86)\windows kits\10\include\10.0.17763.0\um\ntsecapi.h(1480): error C3646: “Flags”: 未知重写说明符
c:\program files (x86)\windows kits\10\include\10.0.17763.0\um\ntsecapi.h(1480): error C4430: 缺少类型说明符 - 假定为 int。注意: C++ 不支持默认 int
c:\program files (x86)\windows kits\10\include\10.0.17763.0\um\ntsecapi.h(1482): error C3646: “Level”: 未知重写说明符
c:\program files (x86)\windows kits\10\include\10.0.17763.0\um\ntsecapi.h(1482): error C4430: 缺少类型说明符 - 假定为 int。注意: C++ 不支持默认 int
c:\program files (x86)\windows kits\10\include\10.0.17763.0\um\ntsecapi.h(1483): error C3646: “AccessMask”: 未知重写说明符
c:\program files (x86)\windows kits\10\include\10.0.17763.0\um\ntsecapi.h(1483): error C4430: 缺少类型说明符 - 假定为 int。注意: C++ 不支持默认 int
c:\program files (x86)\windows kits\10\include\10.0.17763.0\um\ntsecapi.h(1490): error C3646: “Data”: 未知重写说明符
c:\program files (x86)\windows kits\10\include\10.0.17763.0\um\ntsecapi.h(1490): error C2143: 语法错误: 缺少“,”(在“[”的前面)
c:\program files (x86)\windows kits\10\include\10.0.17763.0\um\ntsecapi.h(1490): error C2143: 语法错误: 缺少“)”(在“;”的前面)
c:\program files (x86)\windows kits\10\include\10.0.17763.0\um\ntsecapi.h(1490): error C2238: 意外的标记位于“;”之前
c:\program files (x86)\windows kits\10\include\10.0.17763.0\um\ntsecapi.h(1497): error C3646: “AccessMask”: 未知重写说明符
c:\program files (x86)\windows kits\10\include\10.0.17763.0\um\ntsecapi.h(1497): error C4430: 缺少类型说明符 - 假定为 int。注意: C++ 不支持默认 int
c:\program files (x86)\windows kits\10\include\10.0.17763.0\um\ntsecapi.h(1501): error C3646: “SecurityDescriptor”: 未知重写说明符
c:\program files (x86)\windows kits\10\include\10.0.17763.0\um\ntsecapi.h(1501): error C4430: 缺少类型说明符 - 假定为 int。注意: C++ 不支持默认 int
c:\program files (x86)\windows kits\10\include\10.0.17763.0\um\ntsecapi.h(1507): error C3646: “Claims”: 未知重写说明符
c:\program files (x86)\windows kits\10\include\10.0.17763.0\um\ntsecapi.h(1507): error C4430: 缺少类型说明符 - 假定为 int。注意: C++ 不支持默认 int
c:\program files (x86)\windows kits\10\include\10.0.17763.0\um\ntsecapi.h(1525): error C3646: “FlatSubCategoryId”: 未知重写说明符
c:\program files (x86)\windows kits\10\include\10.0.17763.0\um\ntsecapi.h(1525): error C4430: 缺少类型说明符 - 假定为 int。注意: C++ 不支持默认 int
c:\program files (x86)\windows kits\10\include\10.0.17763.0\um\ntsecapi.h(1526): error C3646: “Type”: 未知重写说明符
c:\program files (x86)\windows kits\10\include\10.0.17763.0\um\ntsecapi.h(1526): error C4430: 缺少类型说明符 - 假定为 int。注意: C++ 不支持默认 int
c:\program files (x86)\windows kits\10\include\10.0.17763.0\um\ntsecapi.h(1539): error C3646: “FlatSubCategoryId”: 未知重写说明符
c:\program files (x86)\windows kits\10\include\10.0.17763.0\um\ntsecapi.h(1539): error C4430: 缺少类型说明符 - 假定为 int。注意: C++ 不支持默认 int
c:\program files (x86)\windows kits\10\include\10.0.17763.0\um\ntsecapi.h(1540): error C3646: “Type”: 未知重写说明符
c:\program files (x86)\windows kits\10\include\10.0.17763.0\um\ntsecapi.h(1540): error C4430: 缺少类型说明符 - 假定为 int。注意: C++ 不支持默认 int
c:\program files (x86)\windows kits\10\include\10.0.17763.0\um\ntsecapi.h(1645): error C4430: 缺少类型说明符 - 假定为 int。注意: C++ 不支持默认 int
c:\program files (x86)\windows kits\10\include\10.0.17763.0\um\ntsecapi.h(1645): error C2146: 语法错误: 缺少“;”(在标识符“_IRQL_requires_max_”的前面)
c:\program files (x86)\windows kits\10\include\10.0.17763.0\um\ntsecapi.h(1660): error C4430: 缺少类型说明符 - 假定为 int。注意: C++ 不支持默认 int
c:\program files (x86)\windows kits\10\include\10.0.17763.0\um\ntsecapi.h(1660): error C2086: “int _IRQL_requires_same_”: 重定义
  c:\program files (x86)\windows kits\10\include\10.0.17763.0\um\ntsecapi.h(1644): note: 参见“_IRQL_requires_same_”的声明
c:\program files (x86)\windows kits\10\include\10.0.17763.0\um\ntsecapi.h(1660): error C2146: 语法错误: 缺少“;”(在标识符“_IRQL_requires_max_”的前面)
c:\program files (x86)\windows kits\10\include\10.0.17763.0\um\ntsecapi.h(1683): error C4430: 缺少类型说明符 - 假定为 int。注意: C++ 不支持默认 int
c:\program files (x86)\windows kits\10\include\10.0.17763.0\um\ntsecapi.h(1683): error C2086: “int _IRQL_requires_same_”: 重定义
  c:\program files (x86)\windows kits\10\include\10.0.17763.0\um\ntsecapi.h(1644): note: 参见“_IRQL_requires_same_”的声明
c:\program files (x86)\windows kits\10\include\10.0.17763.0\um\ntsecapi.h(1683): error C2146: 语法错误: 缺少“;”(在标识符“_IRQL_requires_max_”的前面)
c:\program files (x86)\windows kits\10\include\10.0.17763.0\um\ntsecapi.h(1696): error C4430: 缺少类型说明符 - 假定为 int。注意: C++ 不支持默认 int
c:\program files (x86)\windows kits\10\include\10.0.17763.0\um\ntsecapi.h(1696): error C2086: “int _IRQL_requires_same_”: 重定义
  c:\program files (x86)\windows kits\10\include\10.0.17763.0\um\ntsecapi.h(1644): note: 参见“_IRQL_requires_same_”的声明
c:\program files (x86)\windows kits\10\include\10.0.17763.0\um\ntsecapi.h(1696): error C2146: 语法错误: 缺少“;”(在标识符“NTSTATUS”的前面)
c:\program files (x86)\windows kits\10\include\10.0.17763.0\um\ntsecapi.h(1704): error C4430: 缺少类型说明符 - 假定为 int。注意: C++ 不支持默认 int
c:\program files (x86)\windows kits\10\include\10.0.17763.0\um\ntsecapi.h(1704): error C2086: “int _IRQL_requires_same_”: 重定义
  c:\program files (x86)\windows kits\10\include\10.0.17763.0\um\ntsecapi.h(1644): note: 参见“_IRQL_requires_same_”的声明
c:\program files (x86)\windows kits\10\include\10.0.17763.0\um\ntsecapi.h(1704): error C2146: 语法错误: 缺少“;”(在标识符“_IRQL_requires_max_”的前面)
c:\program files (x86)\windows kits\10\include\10.0.17763.0\um\ntsecapi.h(1718): error C4430: 缺少类型说明符 - 假定为 int。注意: C++ 不支持默认 int
c:\program files (x86)\windows kits\10\include\10.0.17763.0\um\ntsecapi.h(1718): error C2086: “int _IRQL_requires_same_”: 重定义
  c:\program files (x86)\windows kits\10\include\10.0.17763.0\um\ntsecapi.h(1644): note: 参见“_IRQL_requires_same_”的声明
c:\program files (x86)\windows kits\10\include\10.0.17763.0\um\ntsecapi.h(1718): error C2146: 语法错误: 缺少“;”(在标识符“_IRQL_requires_max_”的前面)
c:\program files (x86)\windows kits\10\include\10.0.17763.0\um\ntsecapi.h(1726): error C4430: 缺少类型说明符 - 假定为 int。注意: C++ 不支持默认 int
c:\program files (x86)\windows kits\10\include\10.0.17763.0\um\ntsecapi.h(1726): error C2086: “int _IRQL_requires_same_”: 重定义
  c:\program files (x86)\windows kits\10\include\10.0.17763.0\um\ntsecapi.h(1644): note: 参见“_IRQL_requires_same_”的声明
c:\program files (x86)\windows kits\10\include\10.0.17763.0\um\ntsecapi.h(1726): error C2146: 语法错误: 缺少“;”(在标识符“_IRQL_requires_max_”的前面)
c:\program files (x86)\windows kits\10\include\10.0.17763.0\um\ntsecapi.h(1735): error C4430: 缺少类型说明符 - 假定为 int。注意: C++ 不支持默认 int
c:\program files (x86)\windows kits\10\include\10.0.17763.0\um\ntsecapi.h(1735): error C2146: 语法错误: 缺少“;”(在标识符“NTSTATUS”的前面)
c:\program files (x86)\windows kits\10\include\10.0.17763.0\um\ntsecapi.h(1742): error C4430: 缺少类型说明符 - 假定为 int。注意: C++ 不支持默认 int
c:\program files (x86)\windows kits\10\include\10.0.17763.0\um\ntsecapi.h(1742): error C2086: “int __drv_sameIRQL”: 重定义
  c:\program files (x86)\windows kits\10\include\10.0.17763.0\um\ntsecapi.h(1733): note: 参见“__drv_sameIRQL”的声明
c:\program files (x86)\windows kits\10\include\10.0.17763.0\um\ntsecapi.h(1742): error C2146: 语法错误: 缺少“;”(在标识符“NTSTATUS”的前面)
c:\program files (x86)\windows kits\10\include\10.0.17763.0\um\ntsecapi.h(1817): error C3646: “Use”: 未知重写说明符
c:\program files (x86)\windows kits\10\include\10.0.17763.0\um\ntsecapi.h(1817): error C4430: 缺少类型说明符 - 假定为 int。注意: C++ 不支持默认 int
c:\program files (x86)\windows kits\10\include\10.0.17763.0\um\ntsecapi.h(1819): error C3646: “DomainIndex”: 未知重写说明符
c:\program files (x86)\windows kits\10\include\10.0.17763.0\um\ntsecapi.h(1819): error C4430: 缺少类型说明符 - 假定为 int。注意: C++ 不支持默认 int
c:\program files (x86)\windows kits\10\include\10.0.17763.0\um\ntsecapi.h(1937): error C3646: “AuditRetentionPeriod”: 未知重写说明符
c:\program files (x86)\windows kits\10\include\10.0.17763.0\um\ntsecapi.h(1937): error C4430: 缺少类型说明符 - 假定为 int。注意: C++ 不支持默认 int
c:\program files (x86)\windows kits\10\include\10.0.17763.0\um\ntsecapi.h(1938): error C3646: “AuditLogFullShutdownInProgress”: 未知重写说明符
c:\program files (x86)\windows kits\10\include\10.0.17763.0\um\ntsecapi.h(1938): error C4430: 缺少类型说明符 - 假定为 int。注意: C++ 不支持默认 int
c:\program files (x86)\windows kits\10\include\10.0.17763.0\um\ntsecapi.h(1939): error C3646: “TimeToShutdown”: 未知重写说明符
c:\program files (x86)\windows kits\10\include\10.0.17763.0\um\ntsecapi.h(1939): error C4430: 缺少类型说明符 - 假定为 int。注意: C++ 不支持默认 int
c:\program files (x86)\windows kits\10\include\10.0.17763.0\um\ntsecapi.h(1988): error C3646: “AuditingMode”: 未知重写说明符
c:\program files (x86)\windows kits\10\include\10.0.17763.0\um\ntsecapi.h(1988): error C4430: 缺少类型说明符 - 假定为 int。注意: C++ 不支持默认 int
c:\program files (x86)\windows kits\10\include\10.0.17763.0\um\ntsecapi.h(2068): error C3646: “Name”: 未知重写说明符
c:\program files (x86)\windows kits\10\include\10.0.17763.0\um\ntsecapi.h(2068): error C4430: 缺少类型说明符 - 假定为 int。注意: C++ 不支持默认 int
c:\program files (x86)\windows kits\10\include\10.0.17763.0\um\ntsecapi.h(2069): error C3646: “Sid”: 未知重写说明符
c:\program files (x86)\windows kits\10\include\10.0.17763.0\um\ntsecapi.h(2069): error C4430: 缺少类型说明符 - 假定为 int。注意: C++ 不支持默认 int
c:\program files (x86)\windows kits\10\include\10.0.17763.0\um\ntsecapi.h(2089): error C3646: “Name”: 未知重写说明符
c:\program files (x86)\windows kits\10\include\10.0.17763.0\um\ntsecapi.h(2089): error C4430: 缺少类型说明符 - 假定为 int。注意: C++ 不支持默认 int
c:\program files (x86)\windows kits\10\include\10.0.17763.0\um\ntsecapi.h(2124): error C3646: “ReplicaSource”: 未知重写说明符
c:\program files (x86)\windows kits\10\include\10.0.17763.0\um\ntsecapi.h(2124): error C4430: 缺少类型说明符 - 假定为 int。注意: C++ 不支持默认 int
c:\program files (x86)\windows kits\10\include\10.0.17763.0\um\ntsecapi.h(2125): error C3646: “ReplicaAccountName”: 未知重写说明符
c:\program files (x86)\windows kits\10\include\10.0.17763.0\um\ntsecapi.h(2125): error C4430: 缺少类型说明符 - 假定为 int。注意: C++ 不支持默认 int
c:\program files (x86)\windows kits\10\include\10.0.17763.0\um\ntsecapi.h(2137): error C3646: “QuotaLimits”: 未知重写说明符
c:\program files (x86)\windows kits\10\include\10.0.17763.0\um\ntsecapi.h(2137): error C4430: 缺少类型说明符 - 假定为 int。注意: C++ 不支持默认 int
c:\program files (x86)\windows kits\10\include\10.0.17763.0\um\ntsecapi.h(2149): error C3646: “ModifiedId”: 未知重写说明符
c:\program files (x86)\windows kits\10\include\10.0.17763.0\um\ntsecapi.h(2149): error C4430: 缺少类型说明符 - 假定为 int。注意: C++ 不支持默认 int
c:\program files (x86)\windows kits\10\include\10.0.17763.0\um\ntsecapi.h(2150): error C3646: “DatabaseCreationTime”: 未知重写说明符
c:\program files (x86)\windows kits\10\include\10.0.17763.0\um\ntsecapi.h(2150): error C4430: 缺少类型说明符 - 假定为 int。注意: C++ 不支持默认 int
c:\program files (x86)\windows kits\10\include\10.0.17763.0\um\ntsecapi.h(2172): error C3646: “ShutDownOnFull”: 未知重写说明符
c:\program files (x86)\windows kits\10\include\10.0.17763.0\um\ntsecapi.h(2172): error C4430: 缺少类型说明符 - 假定为 int。注意: C++ 不支持默认 int
c:\program files (x86)\windows kits\10\include\10.0.17763.0\um\ntsecapi.h(2183): error C3646: “ShutDownOnFull”: 未知重写说明符
c:\program files (x86)\windows kits\10\include\10.0.17763.0\um\ntsecapi.h(2183): error C4430: 缺少类型说明符 - 假定为 int。注意: C++ 不支持默认 int
c:\program files (x86)\windows kits\10\include\10.0.17763.0\um\ntsecapi.h(2184): error C3646: “LogIsFull”: 未知重写说明符
c:\program files (x86)\windows kits\10\include\10.0.17763.0\um\ntsecapi.h(2184): error C4430: 缺少类型说明符 - 假定为 int。注意: C++ 不支持默认 int
c:\program files (x86)\windows kits\10\include\10.0.17763.0\um\ntsecapi.h(2243): error C3646: “EfsBlob”: 未知重写说明符
c:\program files (x86)\windows kits\10\include\10.0.17763.0\um\ntsecapi.h(2243): error C4430: 缺少类型说明符 - 假定为 int。注意: C++ 不支持默认 int
c:\program files (x86)\windows kits\10\include\10.0.17763.0\um\ntsecapi.h(2267): error C3646: “MaxServiceTicketAge”: 未知重写说明符
c:\program files (x86)\windows kits\10\include\10.0.17763.0\um\ntsecapi.h(2267): error C4430: 缺少类型说明符 - 假定为 int。注意: C++ 不支持默认 int
c:\program files (x86)\windows kits\10\include\10.0.17763.0\um\ntsecapi.h(2268): error C3646: “MaxTicketAge”: 未知重写说明符
c:\program files (x86)\windows kits\10\include\10.0.17763.0\um\ntsecapi.h(2268): error C4430: 缺少类型说明符 - 假定为 int。注意: C++ 不支持默认 int
c:\program files (x86)\windows kits\10\include\10.0.17763.0\um\ntsecapi.h(2269): error C3646: “MaxRenewAge”: 未知重写说明符
c:\program files (x86)\windows kits\10\include\10.0.17763.0\um\ntsecapi.h(2269): error C4430: 缺少类型说明符 - 假定为 int。注意: C++ 不支持默认 int
c:\program files (x86)\windows kits\10\include\10.0.17763.0\um\ntsecapi.h(2270): error C3646: “MaxClockSkew”: 未知重写说明符
c:\program files (x86)\windows kits\10\include\10.0.17763.0\um\ntsecapi.h(2270): error C4430: 缺少类型说明符 - 假定为 int。注意: C++ 不支持默认 int
c:\program files (x86)\windows kits\10\include\10.0.17763.0\um\ntsecapi.h(2271): error C3646: “Reserved”: 未知重写说明符
c:\program files (x86)\windows kits\10\include\10.0.17763.0\um\ntsecapi.h(2271): error C4430: 缺少类型说明符 - 假定为 int。注意: C++ 不支持默认 int
c:\program files (x86)\windows kits\10\include\10.0.17763.0\um\ntsecapi.h(2301): error C3646: “Sid”: 未知重写说明符
c:\program files (x86)\windows kits\10\include\10.0.17763.0\um\ntsecapi.h(2301): error C4430: 缺少类型说明符 - 假定为 int。注意: C++ 不支持默认 int
c:\program files (x86)\windows kits\10\include\10.0.17763.0\um\ntsecapi.h(2366): error C3646: “Name”: 未知重写说明符
c:\program files (x86)\windows kits\10\include\10.0.17763.0\um\ntsecapi.h(2366): error C4430: 缺少类型说明符 - 假定为 int。注意: C++ 不支持默认 int
c:\program files (x86)\windows kits\10\include\10.0.17763.0\um\ntsecapi.h(2383): error C3646: “Names”: 未知重写说明符
c:\program files (x86)\windows kits\10\include\10.0.17763.0\um\ntsecapi.h(2383): error C4430: 缺少类型说明符 - 假定为 int。注意: C++ 不支持默认 int
c:\program files (x86)\windows kits\10\include\10.0.17763.0\um\ntsecapi.h(2428): error C3646: “Password”: 未知重写说明符
c:\program files (x86)\windows kits\10\include\10.0.17763.0\um\ntsecapi.h(2428): error C4430: 缺少类型说明符 - 假定为 int。注意: C++ 不支持默认 int
c:\program files (x86)\windows kits\10\include\10.0.17763.0\um\ntsecapi.h(2429): error C3646: “OldPassword”: 未知重写说明符
c:\program files (x86)\windows kits\10\include\10.0.17763.0\um\ntsecapi.h(2429): error C4430: 缺少类型说明符 - 假定为 int。注意: C++ 不支持默认 int
c:\program files (x86)\windows kits\10\include\10.0.17763.0\um\ntsecapi.h(2502): error C3646: “Name”: 未知重写说明符
c:\program files (x86)\windows kits\10\include\10.0.17763.0\um\ntsecapi.h(2502): error C4430: 缺少类型说明符 - 假定为 int。注意: C++ 不支持默认 int
c:\program files (x86)\windows kits\10\include\10.0.17763.0\um\ntsecapi.h(2503): error C3646: “FlatName”: 未知重写说明符
c:\program files (x86)\windows kits\10\include\10.0.17763.0\um\ntsecapi.h(2503): error C4430: 缺少类型说明符 - 假定为 int。注意: C++ 不支持默认 int
c:\program files (x86)\windows kits\10\include\10.0.17763.0\um\ntsecapi.h(2504): error C3646: “Sid”: 未知重写说明符
c:\program files (x86)\windows kits\10\include\10.0.17763.0\um\ntsecapi.h(2504): error C4430: 缺少类型说明符 - 假定为 int。注意: C++ 不支持默认 int
c:\program files (x86)\windows kits\10\include\10.0.17763.0\um\ntsecapi.h(2513): error C3646: “Name”: 未知重写说明符
c:\program files (x86)\windows kits\10\include\10.0.17763.0\um\ntsecapi.h(2513): error C4430: 缺少类型说明符 - 假定为 int。注意: C++ 不支持默认 int
c:\program files (x86)\windows kits\10\include\10.0.17763.0\um\ntsecapi.h(2514): error C3646: “FlatName”: 未知重写说明符
c:\program files (x86)\windows kits\10\include\10.0.17763.0\um\ntsecapi.h(2514): error C4430: 缺少类型说明符 - 假定为 int。注意: C++ 不支持默认 int
c:\program files (x86)\windows kits\10\include\10.0.17763.0\um\ntsecapi.h(2515): error C3646: “Sid”: 未知重写说明符
c:\program files (x86)\windows kits\10\include\10.0.17763.0\um\ntsecapi.h(2515): error C4430: 缺少类型说明符 - 假定为 int。注意: C++ 不支持默认 int
c:\program files (x86)\windows kits\10\include\10.0.17763.0\um\ntsecapi.h(2523): error C3646: “ForestTrustInfo”: 未知重写说明符
c:\program files (x86)\windows kits\10\include\10.0.17763.0\um\ntsecapi.h(2523): error C4430: 缺少类型说明符 - 假定为 int。注意: C++ 不支持默认 int
c:\program files (x86)\windows kits\10\include\10.0.17763.0\um\ntsecapi.h(2537): error C3646: “LastUpdateTime”: 未知重写说明符
c:\program files (x86)\windows kits\10\include\10.0.17763.0\um\ntsecapi.h(2537): error C4430: 缺少类型说明符 - 假定为 int。注意: C++ 不支持默认 int
c:\program files (x86)\windows kits\10\include\10.0.17763.0\um\ntsecapi.h(2540): error C3646: “AuthInfo”: 未知重写说明符
c:\program files (x86)\windows kits\10\include\10.0.17763.0\um\ntsecapi.h(2540): error C4430: 缺少类型说明符 - 假定为 int。注意: C++ 不支持默认 int
c:\program files (x86)\windows kits\10\include\10.0.17763.0\um\ntsecapi.h(2617): error C3646: “Sid”: 未知重写说明符
c:\program files (x86)\windows kits\10\include\10.0.17763.0\um\ntsecapi.h(2617): error C4430: 缺少类型说明符 - 假定为 int。注意: C++ 不支持默认 int
c:\program files (x86)\windows kits\10\include\10.0.17763.0\um\ntsecapi.h(2619): error C3646: “DnsName”: 未知重写说明符
c:\program files (x86)\windows kits\10\include\10.0.17763.0\um\ntsecapi.h(2619): error C4430: 缺少类型说明符 - 假定为 int。注意: C++ 不支持默认 int
c:\program files (x86)\windows kits\10\include\10.0.17763.0\um\ntsecapi.h(2620): error C3646: “NetbiosName”: 未知重写说明符
c:\program files (x86)\windows kits\10\include\10.0.17763.0\um\ntsecapi.h(2620): error C4430: 缺少类型说明符 - 假定为 int。注意: C++ 不支持默认 int
c:\program files (x86)\windows kits\10\include\10.0.17763.0\um\ntsecapi.h(2641): error C3646: “Buffer”: 未知重写说明符
c:\program files (x86)\windows kits\10\include\10.0.17763.0\um\ntsecapi.h(2641): error C4430: 缺少类型说明符 - 假定为 int。注意: C++ 不支持默认 int
c:\program files (x86)\windows kits\10\include\10.0.17763.0\um\ntsecapi.h(2650): error C3646: “Time”: 未知重写说明符
c:\program files (x86)\windows kits\10\include\10.0.17763.0\um\ntsecapi.h(2650): error C4430: 缺少类型说明符 - 假定为 int。注意: C++ 不支持默认 int
c:\program files (x86)\windows kits\10\include\10.0.17763.0\um\ntsecapi.h(2664): error C3646: “TopLevelName”: 未知重写说明符
c:\program files (x86)\windows kits\10\include\10.0.17763.0\um\ntsecapi.h(2664): error C4430: 缺少类型说明符 - 假定为 int。注意: C++ 不支持默认 int
c:\program files (x86)\windows kits\10\include\10.0.17763.0\um\ntsecapi.h(2706): error C3646: “Name”: 未知重写说明符
c:\program files (x86)\windows kits\10\include\10.0.17763.0\um\ntsecapi.h(2706): fatal error C1003: 错误计数超过 100；正在停止编译
